CollegeState/CollegeState_14-9-19/proguard/mapping.txt
com.CollegeState.BuyActivity.ChooseAreaActivity -> com.CollegeState.BuyActivity.ChooseAreaActivity:
    android.widget.ImageButton back -> c
    android.widget.TextView titleText -> d
    android.widget.ListView lv_schools -> e
    int NET_ERROR -> f
    int GET_SCHOOL_SUCC -> g
    java.util.List mData -> h
    android.content.SharedPreferences sharedPreferenceSchool -> i
    android.content.SharedPreferences$Editor editor -> j
    java.lang.String SHARED_PREF_SCHOOL -> k
    java.lang.String SHARED_PREF_SCHOOL_NAME -> l
    java.lang.String SHARED_PREF_SCHOOL_ID -> m
    java.lang.String NO_AREA -> n
    android.os.Handler handler -> a
    android.widget.BaseAdapter adapter -> b
    void onCreate(android.os.Bundle) -> onCreate
    void saveSchool(java.lang.String,java.lang.String) -> a
    void access$0(com.CollegeState.BuyActivity.ChooseAreaActivity,java.util.List) -> a
    android.widget.ListView access$1(com.CollegeState.BuyActivity.ChooseAreaActivity) -> a
    java.util.List access$2(com.CollegeState.BuyActivity.ChooseAreaActivity) -> b
    java.lang.String access$3(com.CollegeState.BuyActivity.ChooseAreaActivity) -> c
    boolean access$4(com.CollegeState.BuyActivity.ChooseAreaActivity) -> d
com.CollegeState.BuyActivity.ChooseAreaActivity$1 -> com.CollegeState.BuyActivity.a:
    com.CollegeState.BuyActivity.ChooseAreaActivity this$0 -> a
    void handleMessage(android.os.Message) -> handleMessage
com.CollegeState.BuyActivity.ChooseAreaActivity$1$1 -> com.CollegeState.BuyActivity.b:
    com.CollegeState.BuyActivity.ChooseAreaActivity$1 this$1 -> a
    void onClick(android.content.DialogInterface,int) -> onClick
com.CollegeState.BuyActivity.ChooseAreaActivity$2 -> com.CollegeState.BuyActivity.c:
    com.CollegeState.BuyActivity.ChooseAreaActivity this$0 -> a
    android.view.View getView(int,android.view.View,android.view.ViewGroup) -> getView
    long getItemId(int) -> getItemId
    java.lang.Object getItem(int) -> getItem
    int getCount() -> getCount
com.CollegeState.BuyActivity.ChooseAreaActivity$3 -> com.CollegeState.BuyActivity.d:
    com.CollegeState.BuyActivity.ChooseAreaActivity this$0 -> a
    void onItemClick(android.widget.AdapterView,android.view.View,int,long) -> onItemClick
com.CollegeState.BuyActivity.ChooseAreaActivity$4 -> com.CollegeState.BuyActivity.e:
    com.CollegeState.BuyActivity.ChooseAreaActivity this$0 -> a
    void onClick(android.view.View) -> onClick
com.CollegeState.BuyActivity.ChooseAreaActivity$5 -> com.CollegeState.BuyActivity.f:
    com.CollegeState.BuyActivity.ChooseAreaActivity this$0 -> a
    void onClick(android.view.View) -> onClick
com.CollegeState.BuyActivity.ChooseAreaActivity$GetSchoolTask -> com.CollegeState.BuyActivity.g:
    com.CollegeState.BuyActivity.ChooseAreaActivity this$0 -> a
    void run() -> run
com.CollegeState.BuyActivity.FancySelectFoodActivity -> com.CollegeState.BuyActivity.FancySelectFoodActivity:
    android.widget.ImageButton back -> a
    android.widget.TextView titleText -> b
    android.widget.ImageButton orderCicle -> c
    android.widget.Button eatWhat -> d
    android.widget.Button home -> e
    android.widget.Button shop -> f
    android.widget.Button shopping_cart -> g
    android.widget.Button mine -> h
    int temp -> i
    android.content.Intent intent -> j
    void onCreate(android.os.Bundle) -> onCreate
    void access$0(com.CollegeState.BuyActivity.FancySelectFoodActivity,android.content.Intent) -> a
    android.content.Intent access$1(com.CollegeState.BuyActivity.FancySelectFoodActivity) -> a
    int access$2(com.CollegeState.BuyActivity.FancySelectFoodActivity) -> b
    int access$3$7fcdc923(int) -> a
    void access$4(com.CollegeState.BuyActivity.FancySelectFoodActivity,int) -> a
    android.widget.ImageButton access$5(com.CollegeState.BuyActivity.FancySelectFoodActivity) -> c
    android.widget.Button access$6(com.CollegeState.BuyActivity.FancySelectFoodActivity) -> d
...
android.support.v4.view.GravityCompat$GravityCompatImplJellybeanMr1 -> android.support.v4.view.q:
    int getAbsoluteGravity(int,int) -> a
android.support.v4.view.KeyEventCompat -> android.support.v4.view.r:
    android.support.v4.view.KeyEventCompat$KeyEventVersionImpl IMPL -> a
    boolean hasModifiers$79c6ddc0(android.view.KeyEvent) -> a
    boolean hasNoModifiers(android.view.KeyEvent) -> b
    void startTracking(android.view.KeyEvent) -> c
android.support.v4.view.KeyEventCompat$BaseKeyEventVersionImpl -> android.support.v4.view.s:
    int metaStateFilterDirectionalModifiers$2e71581f(int,int,int,int) -> a
    int normalizeMetaState(int) -> a
    boolean metaStateHasModifiers$255f299(int) -> b
    boolean metaStateHasNoModifiers(int) -> c
    void startTracking(android.view.KeyEvent) -> a
android.support.v4.view.KeyEventCompat$EclairKeyEventVersionImpl -> android.support.v4.view.t:
    void startTracking(android.view.KeyEvent) -> a
android.support.v4.view.KeyEventCompat$HoneycombKeyEventVersionImpl -> android.support.v4.view.u:
    int normalizeMetaState(int) -> a
    boolean metaStateHasModifiers$255f299(int) -> b
    boolean metaStateHasNoModifiers(int) -> c
android.support.v4.view.KeyEventCompat$KeyEventVersionImpl -> android.support.v4.view.v:
    boolean metaStateHasModifiers$255f299(int) -> b
    boolean metaStateHasNoModifiers(int) -> c
    void startTracking(android.view.KeyEvent) -> a
android.support.v4.view.MotionEventCompat -> android.support.v4.view.w:
    android.support.v4.view.MotionEventCompat$MotionEventVersionImpl IMPL -> a
    int getActionMasked(android.view.MotionEvent) -> a
    int getActionIndex(android.view.MotionEvent) -> b
    int findPointerIndex(android.view.MotionEvent,int) -> a
    int getPointerId(android.view.MotionEvent,int) -> b
    float getX(android.view.MotionEvent,int) -> c
    float getY(android.view.MotionEvent,int) -> d
    int getPointerCount(android.view.MotionEvent) -> c
android.support.v4.view.MotionEventCompat$BaseMotionEventVersionImpl -> android.support.v4.view.x:
    int findPointerIndex(android.view.MotionEvent,int) -> a
    int getPointerId(android.view.MotionEvent,int) -> b
    float getX(android.view.MotionEvent,int) -> c
    float getY(android.view.MotionEvent,int) -> d
    int getPointerCount(android.view.MotionEvent) -> a
android.support.v4.view.MotionEventCompat$EclairMotionEventVersionImpl -> android.support.v4.view.y:
    int findPointerIndex(android.view.MotionEvent,int) -> a
    int getPointerId(android.view.MotionEvent,int) -> b
    float getX(android.view.MotionEvent,int) -> c
    float getY(android.view.MotionEvent,int) -> d
    int getPointerCount(android.view.MotionEvent) -> a
android.support.v4.view.MotionEventCompat$MotionEventVersionImpl -> android.support.v4.view.z:
    int findPointerIndex(android.view.MotionEvent,int) -> a
    int getPointerId(android.view.MotionEvent,int) -> b
    float getX(android.view.MotionEvent,int) -> c
    float getY(android.view.MotionEvent,int) -> d
    int getPointerCount(android.view.MotionEvent) -> a
android.support.v4.view.PagerAdapter -> android.support.v4.view.aa:
    android.database.DataSetObservable mObservable -> a
    int getCount() -> a
    java.lang.Object instantiateItem(android.view.ViewGroup,int) -> a
    void destroyItem$30510aeb(android.view.ViewGroup,int) -> b
    boolean isViewFromObject(android.view.View,java.lang.Object) -> a
    void registerDataSetObserver(android.database.DataSetObserver) -> a
    void unregisterDataSetObserver(android.database.DataSetObserver) -> b
    java.lang.CharSequence getPageTitle(int) -> a