CollegeState/CollegeState_14-9-19/proguard/usage.txt
com.CollegeState.BuildConfig
com.CollegeState.BuyActivity.GrabMealActivity$MyAdapter:
    314:315:public void refresh()
com.CollegeState.BuyActivity.MainActivity:
    private static final int AUTO_LOGIN_SUCC
com.CollegeState.BuyActivity.MoreActivity:
    private static final java.lang.String TAG
com.CollegeState.BuyActivity.ShopActivity:
    private android.widget.RelativeLayout rl_shop_layout
com.CollegeState.CrashReport.CrashHandler:
    public static final java.lang.String TAG
com.CollegeState.Data.AdvertiseImage
com.CollegeState.Data.GoodsInfoBean:
    59:59:public java.lang.String getGoodsImgUrl()
    67:67:public java.lang.String getGoodsContent()
    75:75:public java.lang.String getGoodsAddtime()
    99:99:public double getFreight()
    115:115:public int getGoodsColleted()
com.CollegeState.Data.GrabInfoBean:
    24:24:public int getGoodsId()
    88:88:public int getShopId()
com.CollegeState.Data.MyWealthInfoBean:
    private int proGoodsCount
    24:24:public int getGoodsId()
    32:32:public int getUserId()
    48:48:public int getProGoodsCount()
    52:53:public void setProGoodsCount(int)
com.CollegeState.Data.OrderItem:
    12:12:public OrderItem()
com.CollegeState.Data.OrderItem$OrderBean:
    90:92:public OrderItem$OrderBean(com.CollegeState.Data.GoodsInfoBean)
    104:105:public void setOrderItem(com.CollegeState.Data.GoodsInfoBean)
com.CollegeState.Data.SchoolBean:
    13:13:public int getCityId()
com.CollegeState.Data.ShopInfoBean:
    27:27:public int getAreaId()
    35:35:public int getServiceCategoty()
    59:59:public int getShopCategory()
    67:67:public java.lang.String getShopContent()
    75:75:public int getShopCredit()
    107:107:public java.lang.String getShopPhone()
    139:139:public java.lang.String getWorkTime()
com.CollegeState.Data.UserInfoBean:
    9:9:public UserInfoBean()
    30:30:public static java.lang.String getUserAuthority()
    38:38:public static java.lang.String getUserCredit()
    54:54:public static java.lang.String getUserPasswd()
    90:91:public static void setCityId(java.lang.String)
com.CollegeState.Data.UserOrderFormInfoBean:
    46:46:public java.lang.String getUserId()
com.CollegeState.MyView.AutoCompleteEmail
com.CollegeState.MyView.AutoCompleteEmail$1
com.CollegeState.MyView.AutoCompleteEmail$MyAdatper
com.CollegeState.MyView.AutoCompleteEmail$MyAdatper$MyFilter
com.CollegeState.R:
    10:10:public R()
com.CollegeState.R$anim
com.CollegeState.R$array
com.CollegeState.R$attr
com.CollegeState.R$color
com.CollegeState.R$dimen
com.CollegeState.R$drawable
com.CollegeState.R$id
com.CollegeState.R$layout
com.CollegeState.R$menu
com.CollegeState.R$raw
com.CollegeState.R$string
com.CollegeState.R$style
com.CollegeState.R$styleable:
    public static final int CircleFlowIndicator_activeColor
    public static final int CircleFlowIndicator_activeRadius
    public static final int CircleFlowIndicator_activeType
    public static final int CircleFlowIndicator_centered
    public static final int CircleFlowIndicator_circleSeparation
    public static final int CircleFlowIndicator_fadeOut
    public static final int CircleFlowIndicator_inactiveColor
    public static final int CircleFlowIndicator_inactiveType
    public static final int CircleFlowIndicator_radius
    public static final int ViewFlow_sidebuffer
    public static final int swipelistviewstyle_right_width
    612:612:public R$styleable()
com.CollegeState.Task.GetAdImagePreTask
com.CollegeState.UserActivity.UserOrderFormActivity:
    646:652:public static java.lang.String replaceBlank(java.lang.String)
com.CollegeState.UserActivity.UserRegisterActivity:
    static final java.lang.String USER_INFO_BUNDLE
com.CollegeState.Util.BitmapUtil
com.CollegeState.Util.CodeService
...
android.support.v4.view.ScaleGestureDetectorCompat$ScaleGestureDetectorCompatKitKatImpl
android.support.v4.view.ScaleGestureDetectorCompat$ScaleGestureDetectorImpl
android.support.v4.view.ScaleGestureDetectorCompatKitKat
android.support.v4.view.VelocityTrackerCompat:
    25:51:public VelocityTrackerCompat()
android.support.v4.view.VelocityTrackerCompatHoneycomb:
    24:24:VelocityTrackerCompatHoneycomb()
android.support.v4.view.ViewCompat:
    public static final int OVER_SCROLL_ALWAYS
    public static final int OVER_SCROLL_IF_CONTENT_SCROLLS
    public static final int OVER_SCROLL_NEVER
    private static final long FAKE_FRAME_TIME
    public static final int IMPORTANT_FOR_ACCESSIBILITY_AUTO
    public static final int IMPORTANT_FOR_ACCESSIBILITY_YES
    public static final int IMPORTANT_FOR_ACCESSIBILITY_NO
    public static final int IMPORTANT_FOR_ACCESSIBILITY_NO_HIDE_DESCENDANTS
    public static final int ACCESSIBILITY_LIVE_REGION_NONE
    public static final int ACCESSIBILITY_LIVE_REGION_POLITE
    public static final int ACCESSIBILITY_LIVE_REGION_ASSERTIVE
    public static final int LAYER_TYPE_NONE
    public static final int LAYER_TYPE_SOFTWARE
    public static final int LAYER_TYPE_HARDWARE
    public static final int LAYOUT_DIRECTION_LTR
    public static final int LAYOUT_DIRECTION_RTL
    public static final int LAYOUT_DIRECTION_INHERIT
    public static final int LAYOUT_DIRECTION_LOCALE
    public static final int MEASURED_SIZE_MASK
    public static final int MEASURED_STATE_MASK
    public static final int MEASURED_HEIGHT_STATE_SHIFT
    public static final int MEASURED_STATE_TOO_SMALL
    34:534:public ViewCompat()
    585:585:public static boolean canScrollVertically(android.view.View,int)
    614:615:public static void setOverScrollMode(android.view.View,int)
android.support.v4.view.ViewCompat$BaseViewCompatImpl:
    239:239:public boolean canScrollVertically(android.view.View,int)
    246:246:public void setOverScrollMode(android.view.View,int)
    252:252:public void onPopulateAccessibilityEvent(android.view.View,android.view.accessibility.AccessibilityEvent)
    255:255:public void onInitializeAccessibilityEvent(android.view.View,android.view.accessibility.AccessibilityEvent)
    258:258:public void onInitializeAccessibilityNodeInfo(android.view.View,android.support.v4.view.accessibility.AccessibilityNodeInfoCompat)
    261:261:public boolean hasTransientState(android.view.View)
    265:265:public void setHasTransientState(android.view.View,boolean)
    276:277:public void postOnAnimationDelayed(android.view.View,java.lang.Runnable,long)
    288:288:public boolean performAccessibilityAction(android.view.View,int,android.os.Bundle)
    291:291:public android.support.v4.view.accessibility.AccessibilityNodeProviderCompat getAccessibilityNodeProvider(android.view.View)
    294:294:public float getAlpha(android.view.View)
    303:303:public int getLabelFor(android.view.View)
    307:307:public void setLabelFor(android.view.View,int)
    320:320:public void setLayoutDirection(android.view.View,int)
    324:324:public android.view.ViewParent getParentForAccessibility(android.view.View)
    337:337:public int resolveSizeAndState(int,int,int)
    342:342:public int getMeasuredWidthAndState(android.view.View)
android.support.v4.view.ViewCompat$GBViewCompatImpl:
    380:381:public void setOverScrollMode(android.view.View,int)
android.support.v4.view.ViewCompat$HCViewCompatImpl:
    391:391:public float getAlpha(android.view.View)
    411:411:public int resolveSizeAndState(int,int,int)
    415:415:public int getMeasuredWidthAndState(android.view.View)
    419:419:public int getMeasuredHeightAndState(android.view.View)
    423:423:public int getMeasuredState(android.view.View)